Arguments: 
  /usr/local/Cellar/node/9.6.1/bin/node /usr/local/Cellar/yarn/1.5.1/libexec/bin/yarn.js start

PATH: 
  /Users/ph/.rvm/gems/ruby-2.2.7/bin:/Users/ph/.rvm/gems/ruby-2.2.7@global/bin:/Users/ph/.rvm/rubies/ruby-2.2.7/bin:/usr/local/bin:/usr/bin:/bin:/usr/sbin:/sbin:/Users/ph/.rvm/gems/ruby-2.2.7/bin:/Users/ph/.rvm/gems/ruby-2.2.7@global/bin:/Users/ph/.rvm/rubies/ruby-2.2.7/bin:/Users/ph/.rvm/bin:/Users/ph/.rvm/bin

Yarn version: 
  1.5.1

Node version: 
  9.6.1

Platform: 
  darwin x64

npm manifest: 
  {
    "name": "jwl-fe-client",
    "version": "0.1.0",
    "private": true,
    "dependencies": {
      "axios": "^0.18.0",
      "history": "^4.7.2",
      "lodash": "^4.17.10",
      "moment": "^2.22.2",
      "prop-types": "^15.6.1",
      "react": "^16.3.2",
      "react-dom": "^16.3.2",
      "react-facebook-login": "^4.0.1",
      "react-redux": "^5.0.7",
      "react-router-dom": "^4.2.2",
      "react-router-redux": "^5.0.0-alpha.9",
      "react-scripts": "1.1.4",
      "redux": "^4.0.0",
      "redux-logger": "^3.0.6",
      "redux-persist": "^5.10.0",
      "redux-thunk": "^2.2.0",
      "styled-components": "^3.2.6"
    },
    "scripts": {
      "start": "react-scripts start",
      "build": "react-scripts build",
      "test": "react-scripts test --env=jsdom",
      "eject": "react-scripts eject"
    }
  }

yarn manifest: 
  No manifest

Lockfile: 
  No lockfile

Trace: 
  Error: Command failed.
  Exit code: 127
  Command: sh
  Arguments: -c react-scripts start
  Directory: /Users/ph/Desktop/jwl-fe/client
  Output:
  
      at ProcessTermError.MessageError (/usr/local/Cellar/yarn/1.5.1/libexec/lib/cli.js:186:110)
      at new ProcessTermError (/usr/local/Cellar/yarn/1.5.1/libexec/lib/cli.js:226:113)
      at ChildProcess.<anonymous> (/usr/local/Cellar/yarn/1.5.1/libexec/lib/cli.js:30281:17)
      at ChildProcess.emit (events.js:127:13)
      at maybeClose (internal/child_process.js:933:16)
      at Process.ChildProcess._handle.onexit (internal/child_process.js:220:5)
