Arguments: 
  /usr/local/Cellar/node/9.6.1/bin/node /usr/local/Cellar/yarn/1.5.1/libexec/bin/yarn.js dev

PATH: 
  /Users/ph/.rvm/gems/ruby-2.2.7/bin:/Users/ph/.rvm/gems/ruby-2.2.7@global/bin:/Users/ph/.rvm/rubies/ruby-2.2.7/bin:/usr/local/bin:/usr/bin:/bin:/usr/sbin:/sbin:/Users/ph/.rvm/gems/ruby-2.2.7/bin:/Users/ph/.rvm/gems/ruby-2.2.7@global/bin:/Users/ph/.rvm/rubies/ruby-2.2.7/bin:/Users/ph/.rvm/bin:/Users/ph/.rvm/bin

Yarn version: 
  1.5.1

Node version: 
  9.6.1

Platform: 
  darwin x64

npm manifest: 
  {
    "name": "jwl-fe-node",
    "version": "1.0.0",
    "description": "",
    "main": "app.js",
    "scripts": {
      "server": "node ./app.js",
      "client": "npm run start --prefix client",
      "dev": "concurrently \" npm run server\" \"npm run client\"",
      "start": "node app.js",
      "heroku-postbuild": "NPM_CONFIG_PRODUCTION=false npm install --prefix client && npm run build --prefix client"
    },
    "author": "",
    "license": "ISC",
    "dependencies": {
      "concurrently": "^3.5.1",
      "express": "^4.16.3"
    }
  }

yarn manifest: 
  No manifest

Lockfile: 
  No lockfile

Trace: 
  Error: Command failed.
  Exit code: 127
  Command: sh
  Arguments: -c concurrently " npm run server" "npm run client"
  Directory: /Users/ph/Desktop/jwl-fe
  Output:
  
      at ProcessTermError.MessageError (/usr/local/Cellar/yarn/1.5.1/libexec/lib/cli.js:186:110)
      at new ProcessTermError (/usr/local/Cellar/yarn/1.5.1/libexec/lib/cli.js:226:113)
      at ChildProcess.<anonymous> (/usr/local/Cellar/yarn/1.5.1/libexec/lib/cli.js:30281:17)
      at ChildProcess.emit (events.js:127:13)
      at maybeClose (internal/child_process.js:933:16)
      at Process.ChildProcess._handle.onexit (internal/child_process.js:220:5)
